# JRE version: OpenJDK Runtime Environment (11.0.26+4) (build 11.0.26+4-post-Ubuntu-1ubuntu122.04)
# Java VM: OpenJDK 64-Bit Server VM (11.0.26+4-post-Ubuntu-1ubuntu122.04, mixed mode, sharing, tiered, compressed oops, g1 gc, linux-amd64)
Heap:
 garbage-first heap   total 32768K, used 17293K [0x0000000084600000, 0x0000000100000000)
  region size 1024K, 2 young (2048K), 0 survivors (0K)
 Metaspace       used 5835K, capacity 8430K, committed 9660K, reserved 1058816K
  class space    used 530K, capacity 827K, committed 1280K, reserved 1048576K
GC Heap History (20 events):
Event: 2664.275 GC heap before
{Heap before GC invocations=338 (full 144):
 garbage-first heap   total 30720K, used 21259K [0x0000000084600000, 0x0000000100000000)
  region size 1024K, 2 young (2048K), 1 survivors (1024K)
 Metaspace       used 5835K, capacity 8430K, committed 9660K, reserved 1058816K
  class space    used 530K, capacity 827K, committed 1280K, reserved 1048576K
}
Event: 2664.302 GC heap after
{Heap after GC invocations=339 (full 144):
 garbage-first heap   total 30720K, used 21511K [0x0000000084600000, 0x0000000100000000)
  region size 1024K, 1 young (1024K), 1 survivors (1024K)
 Metaspace       used 5835K, capacity 8430K, committed 9660K, reserved 1058816K
  class space    used 530K, capacity 827K, committed 1280K, reserved 1048576K
}
Event: 2667.681 GC heap before
{Heap before GC invocations=339 (full 144):
 garbage-first heap   total 30720K, used 21511K [0x0000000084600000, 0x0000000100000000)
  region size 1024K, 2 young (2048K), 1 survivors (1024K)
 Metaspace       used 5835K, capacity 8430K, committed 9660K, reserved 1058816K
  class space    used 530K, capacity 827K, committed 1280K, reserved 1048576K
}
Event: 2667.745 GC heap after
{Heap after GC invocations=340 (full 145):
 garbage-first heap   total 30720K, used 16072K [0x0000000084600000, 0x0000000100000000)
  region size 1024K, 0 young (0K), 0 survivors (0K)
 Metaspace       used 5835K, capacity 8430K, committed 9660K, reserved 1058816K
  class space    used 530K, capacity 827K, committed 1280K, reserved 1048576K
}
Event: 2680.181 GC heap before
{Heap before GC invocations=340 (full 145):
 garbage-first heap   total 30720K, used 18120K [0x0000000084600000, 0x0000000100000000)
  region size 1024K, 2 young (2048K), 0 survivors (0K)
 Metaspace       used 5835K, capacity 8430K, committed 9660K, reserved 1058816K
  class space    used 530K, capacity 827K, committed 1280K, reserved 1048576K
}
Event: 2680.190 GC heap after
{Heap after GC invocations=341 (full 145):
 garbage-first heap   total 30720K, used 18120K [0x0000000084600000, 0x0000000100000000)
  region size 1024K, 1 young (1024K), 1 survivors (1024K)
 Metaspace       used 5835K, capacity 8430K, committed 9660K, reserved 1058816K
  class space    used 530K, capacity 827K, committed 1280K, reserved 1048576K
}
Event: 2697.525 GC heap before
{Heap before GC invocations=341 (full 145):
 garbage-first heap   total 30720K, used 20168K [0x0000000084600000, 0x0000000100000000)
  region size 1024K, 3 young (3072K), 1 survivors (1024K)
 Metaspace       used 5835K, capacity 8430K, committed 9660K, reserved 1058816K
  class space    used 530K, capacity 827K, committed 1280K, reserved 1048576K
}
Event: 2697.537 GC heap after
{Heap after GC invocations=342 (full 145):
 garbage-first heap   total 30720K, used 20168K [0x0000000084600000, 0x0000000100000000)
  region size 1024K, 1 young (1024K), 1 survivors (1024K)
 Metaspace       used 5835K, capacity 8430K, committed 9660K, reserved 1058816K
  class space    used 530K, capacity 827K, committed 1280K, reserved 1048576K
}
Event: 2703.979 GC heap before
{Heap before GC invocations=342 (full 145):
 garbage-first heap   total 30720K, used 21192K [0x0000000084600000, 0x0000000100000000)
  region size 1024K, 2 young (2048K), 1 survivors (1024K)
 Metaspace       used 5835K, capacity 8430K, committed 9660K, reserved 1058816K
  class space    used 530K, capacity 827K, committed 1280K, reserved 1048576K
}
Event: 2703.991 GC heap after
{Heap after GC invocations=343 (full 145):
 garbage-first heap   total 30720K, used 21365K [0x0000000084600000, 0x0000000100000000)
  region size 1024K, 1 young (1024K), 1 survivors (1024K)
 Metaspace       used 5835K, capacity 8430K, committed 9660K, reserved 1058816K
  class space    used 530K, capacity 827K, committed 1280K, reserved 1048576K
}
Event: 2706.629 GC heap before
{Heap before GC invocations=343 (full 145):
 garbage-first heap   total 30720K, used 21365K [0x0000000084600000, 0x0000000100000000)
  region size 1024K, 2 young (2048K), 1 survivors (1024K)
 Metaspace       used 5835K, capacity 8430K, committed 9660K, reserved 1058816K
  class space    used 530K, capacity 827K, committed 1280K, reserved 1048576K
}
Event: 2706.716 GC heap after
{Heap after GC invocations=344 (full 146):
 garbage-first heap   total 30720K, used 16105K [0x0000000084600000, 0x0000000100000000)
  region size 1024K, 0 young (0K), 0 survivors (0K)
 Metaspace       used 5835K, capacity 8430K, committed 9660K, reserved 1058816K
  class space    used 530K, capacity 827K, committed 1280K, reserved 1048576K
}
Event: 2721.870 GC heap before
{Heap before GC invocations=344 (full 146):
 garbage-first heap   total 30720K, used 18153K [0x0000000084600000, 0x0000000100000000)
  region size 1024K, 2 young (2048K), 0 survivors (0K)
 Metaspace       used 5835K, capacity 8430K, committed 9660K, reserved 1058816K
  class space    used 530K, capacity 827K, committed 1280K, reserved 1048576K
}
Event: 2721.905 GC heap after
{Heap after GC invocations=345 (full 146):
 garbage-first heap   total 30720K, used 18274K [0x0000000084600000, 0x0000000100000000)
  region size 1024K, 1 young (1024K), 1 survivors (1024K)
 Metaspace       used 5835K, capacity 8430K, committed 9660K, reserved 1058816K
  class space    used 530K, capacity 827K, committed 1280K, reserved 1048576K
}
Event: 2740.393 GC heap before
{Heap before GC invocations=345 (full 146):
 garbage-first heap   total 30720K, used 19298K [0x0000000084600000, 0x0000000100000000)
  region size 1024K, 3 young (3072K), 1 survivors (1024K)
 Metaspace       used 5835K, capacity 8430K, committed 9660K, reserved 1058816K
  class space    used 530K, capacity 827K, committed 1280K, reserved 1048576K
}
Event: 2740.420 GC heap after
{Heap after GC invocations=346 (full 146):
 garbage-first heap   total 30720K, used 20353K [0x0000000084600000, 0x0000000100000000)
  region size 1024K, 1 young (1024K), 1 survivors (1024K)
 Metaspace       used 5835K, capacity 8430K, committed 9660K, reserved 1058816K
  class space    used 530K, capacity 827K, committed 1280K, reserved 1048576K
}
Event: 2747.698 GC heap before
{Heap before GC invocations=346 (full 146):
 garbage-first heap   total 30720K, used 21377K [0x0000000084600000, 0x0000000100000000)
  region size 1024K, 2 young (2048K), 1 survivors (1024K)
 Metaspace       used 5835K, capacity 8430K, committed 9660K, reserved 1058816K
  class space    used 530K, capacity 827K, committed 1280K, reserved 1048576K
}
Event: 2747.713 GC heap after
{Heap after GC invocations=347 (full 146):
 garbage-first heap   total 30720K, used 21572K [0x0000000084600000, 0x0000000100000000)
  region size 1024K, 1 young (1024K), 1 survivors (1024K)
 Metaspace       used 5835K, capacity 8430K, committed 9660K, reserved 1058816K
  class space    used 530K, capacity 827K, committed 1280K, reserved 1048576K
}
Event: 2750.646 GC heap before
{Heap before GC invocations=347 (full 146):
 garbage-first heap   total 30720K, used 21572K [0x0000000084600000, 0x0000000100000000)
  region size 1024K, 2 young (2048K), 1 survivors (1024K)
 Metaspace       used 5835K, capacity 8430K, committed 9660K, reserved 1058816K
  class space    used 530K, capacity 827K, committed 1280K, reserved 1048576K
}
Event: 2750.703 GC heap after
{Heap after GC invocations=348 (full 147):
 garbage-first heap   total 32768K, used 16269K [0x0000000084600000, 0x0000000100000000)
  region size 1024K, 0 young (0K), 0 survivors (0K)
 Metaspace       used 5835K, capacity 8430K, committed 9660K, reserved 1058816K
  class space    used 530K, capacity 827K, committed 1280K, reserved 1048576K
}

